=== puma startup: 2017-03-13 16:49:27 +0000 ===
=== puma startup: 2017-03-13 17:01:34 +0000 ===
=== puma startup: 2017-03-27 15:06:05 +0000 ===
=== puma startup: 2017-03-27 15:16:38 +0000 ===
=== puma startup: 2017-03-27 15:19:34 +0000 ===
=== puma startup: 2017-03-27 15:36:43 +0000 ===
=== puma startup: 2017-03-28 03:39:06 +0000 ===
=== puma startup: 2017-03-28 04:05:37 +0000 ===
=== puma startup: 2017-03-28 04:29:12 +0000 ===
=== puma startup: 2017-03-28 07:31:20 +0000 ===
=== puma startup: 2017-03-28 07:32:20 +0000 ===
=== puma startup: 2017-03-29 11:46:02 +0000 ===
=== puma startup: 2017-03-29 11:52:38 +0000 ===
=== puma startup: 2017-03-30 02:11:57 +0000 ===
=== puma startup: 2017-03-30 04:31:30 +0000 ===
=== puma startup: 2017-03-30 04:36:49 +0000 ===
=== puma startup: 2017-03-30 04:39:30 +0000 ===
=== puma startup: 2017-03-30 04:46:15 +0000 ===
=== puma startup: 2017-03-30 04:56:56 +0000 ===
=== puma startup: 2017-03-30 07:00:04 +0000 ===
=== puma startup: 2017-03-30 07:00:30 +0000 ===
=== puma startup: 2017-03-30 07:38:57 +0000 ===
=== puma startup: 2017-03-30 07:40:23 +0000 ===
=== puma startup: 2017-03-30 07:49:09 +0000 ===
=== puma startup: 2017-03-30 07:50:57 +0000 ===
=== puma startup: 2017-03-30 07:58:04 +0000 ===
=== puma startup: 2017-03-30 07:58:08 +0000 ===
=== puma startup: 2017-03-30 08:00:11 +0000 ===
=== puma startup: 2017-03-30 08:05:57 +0000 ===
=== puma startup: 2017-03-30 08:07:28 +0000 ===
=== puma startup: 2017-03-30 08:11:38 +0000 ===
=== puma startup: 2017-03-30 10:25:47 +0000 ===
=== puma startup: 2017-03-30 10:27:25 +0000 ===
=== puma startup: 2017-03-31 06:38:00 +0000 ===
=== puma startup: 2017-03-31 06:59:36 +0000 ===
=== puma startup: 2017-03-31 07:07:53 +0000 ===
=== puma startup: 2017-03-31 07:11:54 +0000 ===
=== puma startup: 2017-03-31 09:14:29 +0000 ===
=== puma startup: 2017-03-31 09:28:58 +0000 ===
=== puma startup: 2017-03-31 10:10:38 +0000 ===
=== puma startup: 2017-03-31 10:19:13 +0000 ===
=== puma startup: 2017-03-31 10:27:05 +0000 ===
=== puma startup: 2017-03-31 10:37:52 +0000 ===
=== puma startup: 2017-03-31 11:05:21 +0000 ===
=== puma startup: 2017-03-31 11:25:51 +0000 ===
=== puma startup: 2017-03-31 11:37:17 +0000 ===
=== puma startup: 2017-03-31 11:50:02 +0000 ===
=== puma startup: 2017-03-31 11:51:56 +0000 ===
=== puma startup: 2017-03-31 12:03:57 +0000 ===
=== puma startup: 2017-03-31 12:23:17 +0000 ===
=== puma startup: 2017-03-31 12:25:47 +0000 ===
=== puma startup: 2017-03-31 12:27:14 +0000 ===
=== puma startup: 2017-03-31 12:29:14 +0000 ===
=== puma startup: 2017-03-31 12:30:16 +0000 ===
=== puma startup: 2017-03-31 12:56:05 +0000 ===
=== puma startup: 2017-03-31 13:22:45 +0000 ===
=== puma startup: 2017-03-31 13:23:53 +0000 ===
=== puma startup: 2017-03-31 13:25:49 +0000 ===
=== puma startup: 2017-03-31 13:27:29 +0000 ===
=== puma startup: 2017-03-31 13:28:28 +0000 ===
=== puma startup: 2017-04-03 04:46:31 +0000 ===
=== puma startup: 2017-04-03 06:56:41 +0000 ===
=== puma startup: 2017-04-03 07:14:50 +0000 ===
=== puma startup: 2017-04-03 07:35:54 +0000 ===
=== puma startup: 2017-04-03 07:37:33 +0000 ===
=== puma startup: 2017-04-03 07:41:24 +0000 ===
=== puma startup: 2017-04-03 07:44:37 +0000 ===
=== puma startup: 2017-04-03 07:49:39 +0000 ===
=== puma startup: 2017-04-03 08:01:46 +0000 ===
=== puma startup: 2017-04-03 08:32:26 +0000 ===
=== puma startup: 2017-04-03 09:00:08 +0000 ===
=== puma startup: 2017-04-03 09:11:35 +0000 ===
=== puma startup: 2017-04-03 09:18:15 +0000 ===
=== puma startup: 2017-04-03 09:26:28 +0000 ===
=== puma startup: 2017-04-03 09:42:40 +0000 ===
=== puma startup: 2017-04-03 09:50:33 +0000 ===
=== puma startup: 2017-04-03 11:51:19 +0000 ===
=== puma startup: 2017-04-03 12:19:11 +0000 ===
=== puma startup: 2017-04-03 12:43:53 +0000 ===
=== puma startup: 2017-04-03 12:46:17 +0000 ===
=== puma startup: 2017-04-04 02:13:48 +0000 ===
=== puma startup: 2017-04-04 02:25:56 +0000 ===
=== puma startup: 2017-04-04 06:53:14 +0000 ===
=== puma startup: 2017-04-04 12:18:48 +0000 ===
=== puma startup: 2017-04-04 12:20:23 +0000 ===
=== puma startup: 2017-04-04 12:20:47 +0000 ===
=== puma startup: 2017-04-04 12:24:42 +0000 ===
=== puma startup: 2017-04-04 12:28:36 +0000 ===
=== puma startup: 2017-04-04 12:29:55 +0000 ===
=== puma startup: 2017-04-04 12:30:46 +0000 ===
=== puma startup: 2017-04-04 12:31:20 +0000 ===
=== puma startup: 2017-04-04 12:34:05 +0000 ===
=== puma startup: 2017-04-04 12:35:49 +0000 ===
=== puma startup: 2017-04-04 12:36:33 +0000 ===
=== puma startup: 2017-04-04 12:40:47 +0000 ===
=== puma startup: 2017-04-04 12:41:42 +0000 ===
=== puma startup: 2017-04-04 12:45:45 +0000 ===
=== puma startup: 2017-04-04 12:46:30 +0000 ===
=== puma startup: 2017-04-05 04:54:11 +0000 ===
=== puma startup: 2017-04-05 11:54:48 +0000 ===
=== puma startup: 2017-04-05 11:56:26 +0000 ===
=== puma startup: 2017-04-05 12:00:14 +0000 ===
=== puma startup: 2017-04-07 11:03:31 +0000 ===
=== puma startup: 2017-04-07 11:04:33 +0000 ===
=== puma startup: 2017-04-07 11:19:59 +0000 ===
=== puma startup: 2017-04-07 11:33:26 +0000 ===
=== puma startup: 2017-04-07 11:52:18 +0000 ===
=== puma startup: 2017-04-10 06:01:59 +0000 ===
=== puma startup: 2017-04-22 12:13:00 +0000 ===
=== puma startup: 2017-04-22 12:22:13 +0000 ===
=== puma startup: 2017-04-22 13:00:29 +0000 ===
=== puma startup: 2017-05-03 04:11:05 +0000 ===
=== puma startup: 2017-05-03 04:17:34 +0000 ===
2017-05-18 21:45:38 +0000: Rack app error handling request { POST /login.action }
#<ArgumentError: string contains null byte>
/home/deploy/.rvm/gems/ruby-2.3.1/gems/rack-2.0.1/lib/rack/multipart/parser.rb:11:in `extname'
/home/deploy/.rvm/gems/ruby-2.3.1/gems/rack-2.0.1/lib/rack/multipart/parser.rb:11:in `block in <class:Parser>'
/home/deploy/.rvm/gems/ruby-2.3.1/gems/rack-2.0.1/lib/rack/multipart/parser.rb:133:in `on_mime_head'
/home/deploy/.rvm/gems/ruby-2.3.1/gems/rack-2.0.1/lib/rack/multipart/parser.rb:258:in `handle_mime_head'
/home/deploy/.rvm/gems/ruby-2.3.1/gems/rack-2.0.1/lib/rack/multipart/parser.rb:211:in `block in run_parser'
/home/deploy/.rvm/gems/ruby-2.3.1/gems/rack-2.0.1/lib/rack/multipart/parser.rb:204:in `loop'
/home/deploy/.rvm/gems/ruby-2.3.1/gems/rack-2.0.1/lib/rack/multipart/parser.rb:204:in `run_parser'
/home/deploy/.rvm/gems/ruby-2.3.1/gems/rack-2.0.1/lib/rack/multipart/parser.rb:187:in `on_read'
/home/deploy/.rvm/gems/ruby-2.3.1/gems/rack-2.0.1/lib/rack/multipart/parser.rb:68:in `parse'
/home/deploy/.rvm/gems/ruby-2.3.1/gems/rack-2.0.1/lib/rack/multipart.rb:52:in `extract_multipart'
/home/deploy/.rvm/gems/ruby-2.3.1/gems/rack-2.0.1/lib/rack/request.rb:472:in `parse_multipart'
/home/deploy/.rvm/gems/ruby-2.3.1/gems/rack-2.0.1/lib/rack/request.rb:335:in `POST'
/home/deploy/.rvm/gems/ruby-2.3.1/gems/rack-2.0.1/lib/rack/method_override.rb:39:in `method_override_param'
/home/deploy/.rvm/gems/ruby-2.3.1/gems/rack-2.0.1/lib/rack/method_override.rb:27:in `method_override'
/home/deploy/.rvm/gems/ruby-2.3.1/gems/rack-2.0.1/lib/rack/method_override.rb:15:in `call'
/home/deploy/.rvm/gems/ruby-2.3.1/gems/rack-2.0.1/lib/rack/runtime.rb:22:in `call'
/home/deploy/.rvm/gems/ruby-2.3.1/gems/activesupport-5.0.1/lib/active_support/cache/strategy/local_cache_middleware.rb:28:in `call'
/home/deploy/.rvm/gems/ruby-2.3.1/gems/actionpack-5.0.1/lib/action_dispatch/middleware/executor.rb:12:in `call'
/home/deploy/.rvm/gems/ruby-2.3.1/gems/rack-2.0.1/lib/rack/sendfile.rb:111:in `call'
/home/deploy/.rvm/gems/ruby-2.3.1/gems/railties-5.0.1/lib/rails/engine.rb:522:in `call'
/home/deploy/.rvm/gems/ruby-2.3.1/gems/puma-3.6.2/lib/puma/configuration.rb:225:in `call'
/home/deploy/.rvm/gems/ruby-2.3.1/gems/puma-3.6.2/lib/puma/server.rb:578:in `handle_request'
/home/deploy/.rvm/gems/ruby-2.3.1/gems/puma-3.6.2/lib/puma/server.rb:415:in `process_client'
/home/deploy/.rvm/gems/ruby-2.3.1/gems/puma-3.6.2/lib/puma/server.rb:275:in `block in run'
/home/deploy/.rvm/gems/ruby-2.3.1/gems/puma-3.6.2/lib/puma/thread_pool.rb:116:in `block in spawn_thread'
2017-05-28 02:30:43 +0000: Rack app error handling request { POST /login.action }
#<ArgumentError: string contains null byte>
/home/deploy/.rvm/gems/ruby-2.3.1/gems/rack-2.0.1/lib/rack/multipart/parser.rb:11:in `extname'
/home/deploy/.rvm/gems/ruby-2.3.1/gems/rack-2.0.1/lib/rack/multipart/parser.rb:11:in `block in <class:Parser>'
/home/deploy/.rvm/gems/ruby-2.3.1/gems/rack-2.0.1/lib/rack/multipart/parser.rb:133:in `on_mime_head'
/home/deploy/.rvm/gems/ruby-2.3.1/gems/rack-2.0.1/lib/rack/multipart/parser.rb:258:in `handle_mime_head'
/home/deploy/.rvm/gems/ruby-2.3.1/gems/rack-2.0.1/lib/rack/multipart/parser.rb:211:in `block in run_parser'
/home/deploy/.rvm/gems/ruby-2.3.1/gems/rack-2.0.1/lib/rack/multipart/parser.rb:204:in `loop'
/home/deploy/.rvm/gems/ruby-2.3.1/gems/rack-2.0.1/lib/rack/multipart/parser.rb:204:in `run_parser'
/home/deploy/.rvm/gems/ruby-2.3.1/gems/rack-2.0.1/lib/rack/multipart/parser.rb:187:in `on_read'
/home/deploy/.rvm/gems/ruby-2.3.1/gems/rack-2.0.1/lib/rack/multipart/parser.rb:68:in `parse'
/home/deploy/.rvm/gems/ruby-2.3.1/gems/rack-2.0.1/lib/rack/multipart.rb:52:in `extract_multipart'
/home/deploy/.rvm/gems/ruby-2.3.1/gems/rack-2.0.1/lib/rack/request.rb:472:in `parse_multipart'
/home/deploy/.rvm/gems/ruby-2.3.1/gems/rack-2.0.1/lib/rack/request.rb:335:in `POST'
/home/deploy/.rvm/gems/ruby-2.3.1/gems/rack-2.0.1/lib/rack/method_override.rb:39:in `method_override_param'
/home/deploy/.rvm/gems/ruby-2.3.1/gems/rack-2.0.1/lib/rack/method_override.rb:27:in `method_override'
/home/deploy/.rvm/gems/ruby-2.3.1/gems/rack-2.0.1/lib/rack/method_override.rb:15:in `call'
/home/deploy/.rvm/gems/ruby-2.3.1/gems/rack-2.0.1/lib/rack/runtime.rb:22:in `call'
/home/deploy/.rvm/gems/ruby-2.3.1/gems/activesupport-5.0.1/lib/active_support/cache/strategy/local_cache_middleware.rb:28:in `call'
/home/deploy/.rvm/gems/ruby-2.3.1/gems/actionpack-5.0.1/lib/action_dispatch/middleware/executor.rb:12:in `call'
/home/deploy/.rvm/gems/ruby-2.3.1/gems/rack-2.0.1/lib/rack/sendfile.rb:111:in `call'
/home/deploy/.rvm/gems/ruby-2.3.1/gems/railties-5.0.1/lib/rails/engine.rb:522:in `call'
/home/deploy/.rvm/gems/ruby-2.3.1/gems/puma-3.6.2/lib/puma/configuration.rb:225:in `call'
/home/deploy/.rvm/gems/ruby-2.3.1/gems/puma-3.6.2/lib/puma/server.rb:578:in `handle_request'
/home/deploy/.rvm/gems/ruby-2.3.1/gems/puma-3.6.2/lib/puma/server.rb:415:in `process_client'
/home/deploy/.rvm/gems/ruby-2.3.1/gems/puma-3.6.2/lib/puma/server.rb:275:in `block in run'
/home/deploy/.rvm/gems/ruby-2.3.1/gems/puma-3.6.2/lib/puma/thread_pool.rb:116:in `block in spawn_thread'
2017-06-03 01:19:07 +0000: Rack app error handling request { QXMR / }
#<ActionController::UnknownHttpMethod: QXMR, accepted HTTP methods are OPTIONS, GET, HEAD, POST, PUT, DELETE, TRACE, CONNECT, PROPFIND, PROPPATCH, MKCOL, COPY, MOVE, LOCK, UNLOCK, VERSION-CONTROL, REPORT, CHECKOUT, CHECKIN, UNCHECKOUT, MKWORKSPACE, UPDATE, LABEL, MERGE, BASELINE-CONTROL, MKACTIVITY, ORDERPATCH, ACL, SEARCH, MKCALENDAR, and PATCH>
/home/deploy/.rvm/gems/ruby-2.3.1/gems/actionpack-5.0.1/lib/action_dispatch/http/request.rb:399:in `check_method'
/home/deploy/.rvm/gems/ruby-2.3.1/gems/actionpack-5.0.1/lib/action_dispatch/http/request.rb:125:in `request_method'
/home/deploy/.rvm/gems/ruby-2.3.1/gems/railties-5.0.1/lib/rails/rack/logger.rb:49:in `started_request_message'
/home/deploy/.rvm/gems/ruby-2.3.1/gems/railties-5.0.1/lib/rails/rack/logger.rb:35:in `block in call_app'
/home/deploy/.rvm/rubies/ruby-2.3.1/lib/ruby/2.3.0/logger.rb:427:in `add'
/home/deploy/.rvm/gems/ruby-2.3.1/gems/activesupport-5.0.1/lib/active_support/logger.rb:87:in `add'
/home/deploy/.rvm/rubies/ruby-2.3.1/lib/ruby/2.3.0/logger.rb:489:in `info'
/home/deploy/.rvm/gems/ruby-2.3.1/gems/railties-5.0.1/lib/rails/rack/logger.rb:35:in `call_app'
/home/deploy/.rvm/gems/ruby-2.3.1/gems/railties-5.0.1/lib/rails/rack/logger.rb:24:in `block in call'
/home/deploy/.rvm/gems/ruby-2.3.1/gems/activesupport-5.0.1/lib/active_support/tagged_logging.rb:69:in `block in tagged'
/home/deploy/.rvm/gems/ruby-2.3.1/gems/activesupport-5.0.1/lib/active_support/tagged_logging.rb:26:in `tagged'
/home/deploy/.rvm/gems/ruby-2.3.1/gems/activesupport-5.0.1/lib/active_support/tagged_logging.rb:69:in `tagged'
/home/deploy/.rvm/gems/ruby-2.3.1/gems/railties-5.0.1/lib/rails/rack/logger.rb:24:in `call'
/home/deploy/.rvm/gems/ruby-2.3.1/gems/actionpack-5.0.1/lib/action_dispatch/middleware/request_id.rb:24:in `call'
/home/deploy/.rvm/gems/ruby-2.3.1/gems/rack-2.0.1/lib/rack/method_override.rb:22:in `call'
/home/deploy/.rvm/gems/ruby-2.3.1/gems/rack-2.0.1/lib/rack/runtime.rb:22:in `call'
/home/deploy/.rvm/gems/ruby-2.3.1/gems/activesupport-5.0.1/lib/active_support/cache/strategy/local_cache_middleware.rb:28:in `call'
/home/deploy/.rvm/gems/ruby-2.3.1/gems/actionpack-5.0.1/lib/action_dispatch/middleware/executor.rb:12:in `call'
/home/deploy/.rvm/gems/ruby-2.3.1/gems/rack-2.0.1/lib/rack/sendfile.rb:111:in `call'
/home/deploy/.rvm/gems/ruby-2.3.1/gems/railties-5.0.1/lib/rails/engine.rb:522:in `call'
/home/deploy/.rvm/gems/ruby-2.3.1/gems/puma-3.6.2/lib/puma/configuration.rb:225:in `call'
/home/deploy/.rvm/gems/ruby-2.3.1/gems/puma-3.6.2/lib/puma/server.rb:578:in `handle_request'
/home/deploy/.rvm/gems/ruby-2.3.1/gems/puma-3.6.2/lib/puma/server.rb:415:in `process_client'
/home/deploy/.rvm/gems/ruby-2.3.1/gems/puma-3.6.2/lib/puma/server.rb:275:in `block in run'
/home/deploy/.rvm/gems/ruby-2.3.1/gems/puma-3.6.2/lib/puma/thread_pool.rb:116:in `block in spawn_thread'
2017-07-04 18:58:07 +0000: Rack app error handling request { POST /login.action }
#<ArgumentError: string contains null byte>
/home/deploy/.rvm/gems/ruby-2.3.1/gems/rack-2.0.1/lib/rack/multipart/parser.rb:11:in `extname'
/home/deploy/.rvm/gems/ruby-2.3.1/gems/rack-2.0.1/lib/rack/multipart/parser.rb:11:in `block in <class:Parser>'
/home/deploy/.rvm/gems/ruby-2.3.1/gems/rack-2.0.1/lib/rack/multipart/parser.rb:133:in `on_mime_head'
/home/deploy/.rvm/gems/ruby-2.3.1/gems/rack-2.0.1/lib/rack/multipart/parser.rb:258:in `handle_mime_head'
/home/deploy/.rvm/gems/ruby-2.3.1/gems/rack-2.0.1/lib/rack/multipart/parser.rb:211:in `block in run_parser'
/home/deploy/.rvm/gems/ruby-2.3.1/gems/rack-2.0.1/lib/rack/multipart/parser.rb:204:in `loop'
/home/deploy/.rvm/gems/ruby-2.3.1/gems/rack-2.0.1/lib/rack/multipart/parser.rb:204:in `run_parser'
/home/deploy/.rvm/gems/ruby-2.3.1/gems/rack-2.0.1/lib/rack/multipart/parser.rb:187:in `on_read'
/home/deploy/.rvm/gems/ruby-2.3.1/gems/rack-2.0.1/lib/rack/multipart/parser.rb:68:in `parse'
/home/deploy/.rvm/gems/ruby-2.3.1/gems/rack-2.0.1/lib/rack/multipart.rb:52:in `extract_multipart'
/home/deploy/.rvm/gems/ruby-2.3.1/gems/rack-2.0.1/lib/rack/request.rb:472:in `parse_multipart'
/home/deploy/.rvm/gems/ruby-2.3.1/gems/rack-2.0.1/lib/rack/request.rb:335:in `POST'
/home/deploy/.rvm/gems/ruby-2.3.1/gems/rack-2.0.1/lib/rack/method_override.rb:39:in `method_override_param'
/home/deploy/.rvm/gems/ruby-2.3.1/gems/rack-2.0.1/lib/rack/method_override.rb:27:in `method_override'
/home/deploy/.rvm/gems/ruby-2.3.1/gems/rack-2.0.1/lib/rack/method_override.rb:15:in `call'
/home/deploy/.rvm/gems/ruby-2.3.1/gems/rack-2.0.1/lib/rack/runtime.rb:22:in `call'
/home/deploy/.rvm/gems/ruby-2.3.1/gems/activesupport-5.0.1/lib/active_support/cache/strategy/local_cache_middleware.rb:28:in `call'
/home/deploy/.rvm/gems/ruby-2.3.1/gems/actionpack-5.0.1/lib/action_dispatch/middleware/executor.rb:12:in `call'
/home/deploy/.rvm/gems/ruby-2.3.1/gems/rack-2.0.1/lib/rack/sendfile.rb:111:in `call'
/home/deploy/.rvm/gems/ruby-2.3.1/gems/railties-5.0.1/lib/rails/engine.rb:522:in `call'
/home/deploy/.rvm/gems/ruby-2.3.1/gems/puma-3.6.2/lib/puma/configuration.rb:225:in `call'
/home/deploy/.rvm/gems/ruby-2.3.1/gems/puma-3.6.2/lib/puma/server.rb:578:in `handle_request'
/home/deploy/.rvm/gems/ruby-2.3.1/gems/puma-3.6.2/lib/puma/server.rb:415:in `process_client'
/home/deploy/.rvm/gems/ruby-2.3.1/gems/puma-3.6.2/lib/puma/server.rb:275:in `block in run'
/home/deploy/.rvm/gems/ruby-2.3.1/gems/puma-3.6.2/lib/puma/thread_pool.rb:116:in `block in spawn_thread'
